Copyright 1986-2022 Xilinx, Inc. All Rights Reserved.
-----------------------------------------------------------------------------------------------------------------------------------------------------------------------------------------
| Tool Version     : Vivado v.2022.2 (lin64) Build 3671981 Fri Oct 14 04:59:54 MDT 2022
| Date             : Sun Feb 23 22:07:56 2025
| Host             : BANG running 64-bit Ubuntu 24.04.2 LTS
| Command          : report_power -file /home/midosama/Desktop/projet_ana_spec/workflow-2024-2025-ei4-main/build/spectrum_analyzer_avnet_zedboard/vivado/placement_out/power.rpt
| Design           : spectrum_analyzer_top
| Device           : xc7z020clg484-1
| Design State     : placed
| Grade            : commercial
| Process          : typical
| Characterization : Production
-----------------------------------------------------------------------------------------------------------------------------------------------------------------------------------------

Power Report

Table of Contents
-----------------
1. Summary
1.1 On-Chip Components
1.2 Power Supply Summary
1.3 Confidence Level
2. Settings
2.1 Environment
2.2 Clock Constraints
3. Detailed Reports
3.1 By Hierarchy

1. Summary
----------

+--------------------------+--------------+
| Total On-Chip Power (W)  | 1.735        |
| Design Power Budget (W)  | Unspecified* |
| Power Budget Margin (W)  | NA           |
| Dynamic (W)              | 1.589        |
| Device Static (W)        | 0.146        |
| Effective TJA (C/W)      | 11.5         |
| Max Ambient (C)          | 65.0         |
| Junction Temperature (C) | 45.0         |
| Confidence Level         | Medium       |
| Setting File             | ---          |
| Simulation Activity File | ---          |
| Design Nets Matched      | NA           |
+--------------------------+--------------+
* Specify Design Power Budget using, set_operating_conditions -design_power_budget <value in Watts>


1.1 On-Chip Components
----------------------

+--------------------------+-----------+----------+-----------+-----------------+
| On-Chip                  | Power (W) | Used     | Available | Utilization (%) |
+--------------------------+-----------+----------+-----------+-----------------+
| Clocks                   |     0.031 |        3 |       --- |             --- |
| Slice Logic              |     0.010 |    16904 |       --- |             --- |
|   LUT as Logic           |     0.008 |     4750 |     53200 |            8.93 |
|   LUT as Distributed RAM |     0.001 |      668 |     17400 |            3.84 |
|   Register               |    <0.001 |     8117 |    106400 |            7.63 |
|   CARRY4                 |    <0.001 |      100 |     13300 |            0.75 |
|   LUT as Shift Register  |    <0.001 |      193 |     17400 |            1.11 |
|   Others                 |     0.000 |      764 |       --- |             --- |
| Signals                  |     0.012 |    11225 |       --- |             --- |
| Block RAM                |    <0.001 |        2 |       140 |            1.43 |
| I/O                      |     0.003 |        4 |       200 |            2.00 |
| PS7                      |     1.533 |        1 |       --- |             --- |
| Static Power             |     0.146 |          |           |                 |
| Total                    |     1.735 |          |           |                 |
+--------------------------+-----------+----------+-----------+-----------------+


1.2 Power Supply Summary
------------------------

+-----------+-------------+-----------+-------------+------------+-------------+-------------+------------+
| Source    | Voltage (V) | Total (A) | Dynamic (A) | Static (A) | Powerup (A) | Budget (A)  | Margin (A) |
+-----------+-------------+-----------+-------------+------------+-------------+-------------+------------+
| Vccint    |       1.000 |     0.068 |       0.053 |      0.015 |       NA    | Unspecified | NA         |
| Vccaux    |       1.800 |     0.015 |       0.000 |      0.015 |       NA    | Unspecified | NA         |
| Vcco33    |       3.300 |     0.002 |       0.001 |      0.001 |       NA    | Unspecified | NA         |
| Vcco25    |       2.500 |     0.000 |       0.000 |      0.000 |       NA    | Unspecified | NA         |
| Vcco18    |       1.800 |     0.000 |       0.000 |      0.000 |       NA    | Unspecified | NA         |
| Vcco15    |       1.500 |     0.000 |       0.000 |      0.000 |       NA    | Unspecified | NA         |
| Vcco135   |       1.350 |     0.000 |       0.000 |      0.000 |       NA    | Unspecified | NA         |
| Vcco12    |       1.200 |     0.000 |       0.000 |      0.000 |       NA    | Unspecified | NA         |
| Vccaux_io |       1.800 |     0.000 |       0.000 |      0.000 |       NA    | Unspecified | NA         |
| Vccbram   |       1.000 |     0.001 |       0.000 |      0.001 |       NA    | Unspecified | NA         |
| MGTAVcc   |       1.000 |     0.000 |       0.000 |      0.000 |       NA    | Unspecified | NA         |
| MGTAVtt   |       1.200 |     0.000 |       0.000 |      0.000 |       NA    | Unspecified | NA         |
| MGTVccaux |       1.800 |     0.000 |       0.000 |      0.000 |       NA    | Unspecified | NA         |
| Vccpint   |       1.000 |     0.753 |       0.722 |      0.031 |       NA    | Unspecified | NA         |
| Vccpaux   |       1.800 |     0.061 |       0.051 |      0.010 |       NA    | Unspecified | NA         |
| Vccpll    |       1.800 |     0.017 |       0.014 |      0.003 |       NA    | Unspecified | NA         |
| Vcco_ddr  |       1.500 |     0.459 |       0.457 |      0.002 |       NA    | Unspecified | NA         |
| Vcco_mio0 |       3.300 |     0.003 |       0.002 |      0.001 |       NA    | Unspecified | NA         |
| Vcco_mio1 |       1.800 |     0.003 |       0.002 |      0.001 |       NA    | Unspecified | NA         |
| Vccadc    |       1.800 |     0.020 |       0.000 |      0.020 |       NA    | Unspecified | NA         |
+-----------+-------------+-----------+-------------+------------+-------------+-------------+------------+


1.3 Confidence Level
--------------------

+-----------------------------+------------+------------------------------------------------+------------------------------------------------------------------------------------------------------------+
| User Input Data             | Confidence | Details                                        | Action                                                                                                     |
+-----------------------------+------------+------------------------------------------------+------------------------------------------------------------------------------------------------------------+
| Design implementation state | Medium     | Design is placed                               | Accuracy of the tool is not optimal until design is fully placed and routed                                |
| Clock nodes activity        | High       | User specified more than 95% of clocks         |                                                                                                            |
| I/O nodes activity          | High       | User specified more than 95% of inputs         |                                                                                                            |
| Internal nodes activity     | Medium     | User specified less than 25% of internal nodes | Provide missing internal nodes activity with simulation results or by editing the "By Resource Type" views |
| Device models               | High       | Device models are Production                   |                                                                                                            |
|                             |            |                                                |                                                                                                            |
| Overall confidence level    | Medium     |                                                |                                                                                                            |
+-----------------------------+------------+------------------------------------------------+------------------------------------------------------------------------------------------------------------+


2. Settings
-----------

2.1 Environment
---------------

+-----------------------+------------------------+
| Ambient Temp (C)      | 25.0                   |
| ThetaJA (C/W)         | 11.5                   |
| Airflow (LFM)         | 250                    |
| Heat Sink             | none                   |
| ThetaSA (C/W)         | 0.0                    |
| Board Selection       | medium (10"x10")       |
| # of Board Layers     | 8to11 (8 to 11 Layers) |
| Board Temperature (C) | 25.0                   |
+-----------------------+------------------------+


2.2 Clock Constraints
---------------------

+------------+---------------------------------------------------------------------+-----------------+
| Clock      | Domain                                                              | Constraint (ns) |
+------------+---------------------------------------------------------------------+-----------------+
| clk_fpga_0 | bd_inst/design_1_i/processing_system7_0/inst/FCLK_CLK_unbuffered[0] |            10.0 |
+------------+---------------------------------------------------------------------+-----------------+


3. Detailed Reports
-------------------

3.1 By Hierarchy
----------------

+----------------------------+-----------+
| Name                       | Power (W) |
+----------------------------+-----------+
| spectrum_analyzer_top      |     1.589 |
|   bd_inst                  |     1.586 |
|     design_1_i             |     1.586 |
|       axi_dma_0            |     0.013 |
|       axi_smc              |     0.035 |
|       processing_system7_0 |     1.534 |
|       ps7_0_axi_periph     |     0.003 |
+----------------------------+-----------+


