#-----------------------------------------------------------
# Vivado v2022.2 (64-bit)
# SW Build 3671981 on Fri Oct 14 04:59:54 MDT 2022
# IP Build 3669848 on Fri Oct 14 08:30:02 MDT 2022
# Start of session at: Sun Feb 23 22:08:10 2025
# Process ID: 19613
# Current directory: /home/midosama/Desktop/projet_ana_spec/workflow-2024-2025-ei4-main
# Command line: vivado -mode batch -source script/vivado/route.tcl -nojournal -notrace /home/midosama/Desktop/projet_ana_spec/workflow-2024-2025-ei4-main/build/spectrum_analyzer_avnet_zedboard/vivado/dcp/placement.dcp -log /home/midosama/Desktop/projet_ana_spec/workflow-2024-2025-ei4-main/build/spectrum_analyzer_avnet_zedboard/vivado/route_out/route.log -tclargs /home/midosama/Desktop/projet_ana_spec/workflow-2024-2025-ei4-main/build/spectrum_analyzer_avnet_zedboard/vivado Default
# Log file: /home/midosama/Desktop/projet_ana_spec/workflow-2024-2025-ei4-main/build/spectrum_analyzer_avnet_zedboard/vivado/route_out/route.log
# Journal file: 
# Running On: BANG, OS: Linux, CPU Frequency: 1916.648 MHz, CPU Physical cores: 4, Host memory: 16533 MB
#-----------------------------------------------------------
open_checkpoint /home/midosama/Desktop/projet_ana_spec/workflow-2024-2025-ei4-main/build/spectrum_analyzer_avnet_zedboard/vivado/dcp/placement.dcp
Command: open_checkpoint /home/midosama/Desktop/projet_ana_spec/workflow-2024-2025-ei4-main/build/spectrum_analyzer_avnet_zedboard/vivado/dcp/placement.dcp

Starting open_checkpoint Task

Time (s): cpu = 00:00:00.05 ; elapsed = 00:00:00.06 . Memory (MB): peak = 1268.055 ; gain = 0.000 ; free physical = 6341 ; free virtual = 13610
INFO: [Device 21-403] Loading part xc7z020clg484-1
Netlist sorting complete. Time (s): cpu = 00:00:00.42 ; elapsed = 00:00:00.43 . Memory (MB): peak = 1616.715 ; gain = 0.000 ; free physical = 5708 ; free virtual = 13007
INFO: [Netlist 29-17] Analyzing 279 Unisim elements for replacement
INFO: [Netlist 29-28] Unisim Transformation completed in 0 CPU seconds
INFO: [Project 1-479] Netlist was created with Vivado 2022.2
INFO: [Project 1-570] Preparing netlist for logic optimization
INFO: [Timing 38-478] Restoring timing data from binary archive.
INFO: [Timing 38-479] Binary timing data restore complete.
INFO: [Project 1-856] Restoring constraints from binary archive.
INFO: [Project 1-853] Binary constraint restore complete.
Reading XDEF placement.
Reading placer database...
Reading XDEF routing.
Read XDEF Files: Time (s): cpu = 00:00:02 ; elapsed = 00:00:02 . Memory (MB): peak = 2316.855 ; gain = 3.969 ; free physical = 5185 ; free virtual = 12462
Restored from archive | CPU: 2.260000 secs | Memory: 12.701530 MB |
Finished XDEF File Restore: Time (s): cpu = 00:00:02 ; elapsed = 00:00:02 . Memory (MB): peak = 2316.855 ; gain = 3.969 ; free physical = 5185 ; free virtual = 12462
Netlist sorting complete. Time (s): cpu = 00:00:00 ; elapsed = 00:00:00.01 . Memory (MB): peak = 2316.855 ; gain = 0.000 ; free physical = 5181 ; free virtual = 12460
INFO: [Project 1-111] Unisim Transformation Summary:
  A total of 177 instances were transformed.
  RAM16X1D => RAM32X1D (RAMD32(x2)): 2 instances
  RAM32M => RAM32M (RAMD32(x6), RAMS32(x2)): 163 instances
  RAM32X1D => RAM32X1D (RAMD32(x2)): 12 instances

INFO: [Project 1-604] Checkpoint was created with Vivado v2022.2 (64-bit) build 3671981
OpenCheckpoint Checksum | Checksum: 469645f3
----- Checksum: PlaceDB: 3efa24ed ShapeSum: 079c2106 RouteDB: 00000000 
open_checkpoint: Time (s): cpu = 00:00:33 ; elapsed = 00:00:34 . Memory (MB): peak = 2316.855 ; gain = 1048.801 ; free physical = 5170 ; free virtual = 12464
source script/vivado/route.tcl -notrace
Command: route_design -directive Default
Attempting to get a license for feature 'Implementation' and/or device 'xc7z020'
INFO: [Common 17-349] Got license for feature 'Implementation' and/or device 'xc7z020'
Running DRC as a precondition to command route_design
INFO: [DRC 23-27] Running DRC with 8 threads
INFO: [Vivado_Tcl 4-198] DRC finished with 0 Errors
INFO: [Vivado_Tcl 4-199] Please refer to the DRC report (report_drc) for more information.


Starting Routing Task
INFO: [Route 35-270] Using Router directive 'Default'.
INFO: [Route 35-254] Multithreading enabled for route_design using a maximum of 8 CPUs

Phase 1 Build RT Design
Checksum: PlaceDB: 3efa24ed ConstDB: 0 ShapeSum: 79c2106 RouteDB: 0
Post Restoration Checksum: NetGraph: bfd1c11a NumContArr: 19166fee Constraints: 0 Timing: 0
Phase 1 Build RT Design | Checksum: d8e83108

Time (s): cpu = 00:00:46 ; elapsed = 00:00:33 . Memory (MB): peak = 2517.309 ; gain = 71.984 ; free physical = 4974 ; free virtual = 12250

Phase 2 Router Initialization

Phase 2.1 Fix Topology Constraints
Phase 2.1 Fix Topology Constraints | Checksum: d8e83108

Time (s): cpu = 00:00:46 ; elapsed = 00:00:33 . Memory (MB): peak = 2549.309 ; gain = 103.984 ; free physical = 4912 ; free virtual = 12203

Phase 2.2 Pre Route Cleanup
Phase 2.2 Pre Route Cleanup | Checksum: d8e83108

Time (s): cpu = 00:00:46 ; elapsed = 00:00:34 . Memory (MB): peak = 2549.309 ; gain = 103.984 ; free physical = 4910 ; free virtual = 12205
 Number of Nodes with overlaps = 0

Phase 2.3 Update Timing
Phase 2.3 Update Timing | Checksum: 1468be223

Time (s): cpu = 00:01:00 ; elapsed = 00:00:38 . Memory (MB): peak = 2584.441 ; gain = 139.117 ; free physical = 4866 ; free virtual = 12151
INFO: [Route 35-416] Intermediate Timing Summary | WNS=2.502  | TNS=0.000  | WHS=-0.353 | THS=-273.975|


Router Utilization Summary
  Global Vertical Routing Utilization    = 0 %
  Global Horizontal Routing Utilization  = 0 %
  Routable Net Status*
  *Does not include unroutable nets such as driverless and loadless.
  Run report_route_status for detailed report.
  Number of Failed Nets               = 11355
    (Failed Nets is the sum of unrouted and partially routed nets)
  Number of Unrouted Nets             = 11355
  Number of Partially Routed Nets     = 0
  Number of Node Overlaps             = 0

Phase 2 Router Initialization | Checksum: 15b427601

Time (s): cpu = 00:01:10 ; elapsed = 00:00:41 . Memory (MB): peak = 2595.973 ; gain = 150.648 ; free physical = 4856 ; free virtual = 12142

Phase 3 Initial Routing

Phase 3.1 Global Routing
Phase 3.1 Global Routing | Checksum: 15b427601

Time (s): cpu = 00:01:10 ; elapsed = 00:00:41 . Memory (MB): peak = 2595.973 ; gain = 150.648 ; free physical = 4853 ; free virtual = 12143
Phase 3 Initial Routing | Checksum: 1974f1bc3

Time (s): cpu = 00:01:18 ; elapsed = 00:00:43 . Memory (MB): peak = 2595.973 ; gain = 150.648 ; free physical = 4855 ; free virtual = 12137

Phase 4 Rip-up And Reroute

Phase 4.1 Global Iteration 0
 Number of Nodes with overlaps = 886
 Number of Nodes with overlaps = 37
 Number of Nodes with overlaps = 3
 Number of Nodes with overlaps = 0
INFO: [Route 35-416] Intermediate Timing Summary | WNS=2.357  | TNS=0.000  | WHS=N/A    | THS=N/A    |

Phase 4.1 Global Iteration 0 | Checksum: 1c40f33d9

Time (s): cpu = 00:01:34 ; elapsed = 00:00:49 . Memory (MB): peak = 2595.973 ; gain = 150.648 ; free physical = 4870 ; free virtual = 12157

Phase 4.2 Global Iteration 1
 Number of Nodes with overlaps = 3
 Number of Nodes with overlaps = 0
INFO: [Route 35-416] Intermediate Timing Summary | WNS=2.357  | TNS=0.000  | WHS=N/A    | THS=N/A    |

Phase 4.2 Global Iteration 1 | Checksum: 19324e413

Time (s): cpu = 00:01:35 ; elapsed = 00:00:50 . Memory (MB): peak = 2595.973 ; gain = 150.648 ; free physical = 4865 ; free virtual = 12162
Phase 4 Rip-up And Reroute | Checksum: 19324e413

Time (s): cpu = 00:01:35 ; elapsed = 00:00:50 . Memory (MB): peak = 2595.973 ; gain = 150.648 ; free physical = 4863 ; free virtual = 12164

Phase 5 Delay and Skew Optimization

Phase 5.1 Delay CleanUp

Phase 5.1.1 Update Timing
Phase 5.1.1 Update Timing | Checksum: 27635b58d

Time (s): cpu = 00:01:40 ; elapsed = 00:00:51 . Memory (MB): peak = 2595.973 ; gain = 150.648 ; free physical = 4872 ; free virtual = 12167
INFO: [Route 35-416] Intermediate Timing Summary | WNS=2.472  | TNS=0.000  | WHS=N/A    | THS=N/A    |

Phase 5.1 Delay CleanUp | Checksum: 27635b58d

Time (s): cpu = 00:01:40 ; elapsed = 00:00:51 . Memory (MB): peak = 2595.973 ; gain = 150.648 ; free physical = 4868 ; free virtual = 12167

Phase 5.2 Clock Skew Optimization
Phase 5.2 Clock Skew Optimization | Checksum: 27635b58d

Time (s): cpu = 00:01:40 ; elapsed = 00:00:51 . Memory (MB): peak = 2595.973 ; gain = 150.648 ; free physical = 4868 ; free virtual = 12171
Phase 5 Delay and Skew Optimization | Checksum: 27635b58d

Time (s): cpu = 00:01:40 ; elapsed = 00:00:51 . Memory (MB): peak = 2595.973 ; gain = 150.648 ; free physical = 4868 ; free virtual = 12175

Phase 6 Post Hold Fix

Phase 6.1 Hold Fix Iter

Phase 6.1.1 Update Timing
Phase 6.1.1 Update Timing | Checksum: 1cb9b0b32

Time (s): cpu = 00:01:46 ; elapsed = 00:00:53 . Memory (MB): peak = 2595.973 ; gain = 150.648 ; free physical = 4885 ; free virtual = 12170
INFO: [Route 35-416] Intermediate Timing Summary | WNS=2.472  | TNS=0.000  | WHS=0.025  | THS=0.000  |

Phase 6.1 Hold Fix Iter | Checksum: 23aaddd2b

Time (s): cpu = 00:01:46 ; elapsed = 00:00:53 . Memory (MB): peak = 2595.973 ; gain = 150.648 ; free physical = 4881 ; free virtual = 12170
Phase 6 Post Hold Fix | Checksum: 23aaddd2b

Time (s): cpu = 00:01:46 ; elapsed = 00:00:53 . Memory (MB): peak = 2595.973 ; gain = 150.648 ; free physical = 4876 ; free virtual = 12169

Phase 7 Route finalize

Router Utilization Summary
  Global Vertical Routing Utilization    = 2.07171 %
  Global Horizontal Routing Utilization  = 2.60869 %
  Routable Net Status*
  *Does not include unroutable nets such as driverless and loadless.
  Run report_route_status for detailed report.
  Number of Failed Nets               = 0
    (Failed Nets is the sum of unrouted and partially routed nets)
  Number of Unrouted Nets             = 0
  Number of Partially Routed Nets     = 0
  Number of Node Overlaps             = 0

Phase 7 Route finalize | Checksum: 215f4e83f

Time (s): cpu = 00:01:46 ; elapsed = 00:00:53 . Memory (MB): peak = 2595.973 ; gain = 150.648 ; free physical = 4872 ; free virtual = 12173

Phase 8 Verifying routed nets

 Verification completed successfully
Phase 8 Verifying routed nets | Checksum: 215f4e83f

Time (s): cpu = 00:01:46 ; elapsed = 00:00:53 . Memory (MB): peak = 2595.973 ; gain = 150.648 ; free physical = 4865 ; free virtual = 12173

Phase 9 Depositing Routes
Phase 9 Depositing Routes | Checksum: 21a927584

Time (s): cpu = 00:01:48 ; elapsed = 00:00:54 . Memory (MB): peak = 2611.980 ; gain = 166.656 ; free physical = 4860 ; free virtual = 12171

Phase 10 Post Router Timing
INFO: [Route 35-57] Estimated Timing Summary | WNS=2.472  | TNS=0.000  | WHS=0.025  | THS=0.000  |

INFO: [Route 35-327] The final timing numbers are based on the router estimated timing analysis. For a complete and accurate timing signoff, please run report_timing_summary.
Phase 10 Post Router Timing | Checksum: 21a927584

Time (s): cpu = 00:01:52 ; elapsed = 00:00:55 . Memory (MB): peak = 2611.980 ; gain = 166.656 ; free physical = 4875 ; free virtual = 12168
INFO: [Route 35-16] Router Completed Successfully

Time (s): cpu = 00:01:52 ; elapsed = 00:00:55 . Memory (MB): peak = 2611.980 ; gain = 166.656 ; free physical = 4917 ; free virtual = 12214

Routing Is Done.
INFO: [Common 17-83] Releasing license: Implementation
15 Infos, 0 Warnings, 0 Critical Warnings and 0 Errors encountered.
route_design completed successfully
route_design: Time (s): cpu = 00:01:56 ; elapsed = 00:00:57 . Memory (MB): peak = 2611.980 ; gain = 295.125 ; free physical = 4915 ; free virtual = 12214
Command: phys_opt_design
Attempting to get a license for feature 'Implementation' and/or device 'xc7z020'
INFO: [Common 17-349] Got license for feature 'Implementation' and/or device 'xc7z020'
INFO: [Vivado_Tcl 4-241] Physical synthesis in post route mode ( 100.0% nets are fully routed)

Starting Initial Update Timing Task

Time (s): cpu = 00:00:10 ; elapsed = 00:00:03 . Memory (MB): peak = 2611.980 ; gain = 0.000 ; free physical = 5001 ; free virtual = 12289
INFO: [Vivado_Tcl 4-383] Design worst setup slack (WNS) is greater than or equal to 0.000 ns. Skipping all physical synthesis optimizations.
INFO: [Vivado_Tcl 4-232] No setup violation found. The netlist was not modified.
INFO: [Common 17-83] Releasing license: Implementation
20 Infos, 0 Warnings, 0 Critical Warnings and 0 Errors encountered.
phys_opt_design completed successfully
INFO: [Timing 38-91] UpdateTimingParams: Speed grade: -1, Delay Type: min_max.
INFO: [Timing 38-191] Multithreading enabled for timing update using a maximum of 8 CPUs
Command: report_power -file /home/midosama/Desktop/projet_ana_spec/workflow-2024-2025-ei4-main/build/spectrum_analyzer_avnet_zedboard/vivado/route_out/power.rpt
Running Vector-less Activity Propagation...

Finished Running Vector-less Activity Propagation
WARNING: [Power 33-332] Found switching activity that implies high-fanout reset nets being asserted for excessive periods of time which may result in inaccurate power analysis.
Resolution: To review and fix problems, please run Power Constraints Advisor in the GUI from Tools > Power Constraints Advisor or run report_power with the -advisory option to generate a text report.
22 Infos, 1 Warnings, 0 Critical Warnings and 0 Errors encountered.
report_power completed successfully
Command: report_drc -file /home/midosama/Desktop/projet_ana_spec/workflow-2024-2025-ei4-main/build/spectrum_analyzer_avnet_zedboard/vivado/route_out/drc.rpt
INFO: [IP_Flow 19-234] Refreshing IP repositories
INFO: [IP_Flow 19-1704] No user IP repositories specified
INFO: [IP_Flow 19-2313] Loaded Vivado IP repository '/tools/Xilinx/Vivado/2022.2/data/ip'.
INFO: [DRC 23-27] Running DRC with 8 threads
INFO: [Vivado_Tcl 2-168] The results of DRC are in file /home/midosama/Desktop/projet_ana_spec/workflow-2024-2025-ei4-main/build/spectrum_analyzer_avnet_zedboard/vivado/route_out/drc.rpt.
report_drc completed successfully
INFO: [Timing 38-480] Writing timing data to binary archive.
Writing XDEF routing.
Writing XDEF routing logical nets.
Writing XDEF routing special nets.
Write XDEF Complete: Time (s): cpu = 00:00:06 ; elapsed = 00:00:02 . Memory (MB): peak = 2867.176 ; gain = 0.000 ; free physical = 4894 ; free virtual = 12209
INFO: [Common 17-1381] The checkpoint '/home/midosama/Desktop/projet_ana_spec/workflow-2024-2025-ei4-main/build/spectrum_analyzer_avnet_zedboard/vivado/dcp/route.dcp' has been generated.
INFO: [Common 17-206] Exiting Vivado at Sun Feb 23 22:10:05 2025...
